<?xml version="1.0" encoding="UTF-8"?>
<!-- Generated by org.testng.reporters.JUnitReportReporter -->
<testsuite skipped="0" hostname="Maniks-MBP.connectify" name="com.test.irc.TestClassIrc" tests="1" failures="0" timestamp="07 Nov 2017 18:05:39 GMT" time="6.136" errors="0">
  <testcase name="basePageNavigate" time="6.136" classname="com.test.irc.TestClassIrc"/>
</testsuite> <!-- com.test.irc.TestClassIrc -->
