<?xml version="1.0" encoding="UTF-8"?>
<!-- Generated by org.testng.reporters.JUnitReportReporter -->
<testsuite skipped="0" hostname="DESKTOP-G1BT3BH" name="amazon_DDT_test.DDT_test" tests="3" failures="0" timestamp="20 Sep 2017 18:49:23 GMT" time="189.627" errors="0">
  <testcase name="basePageNavigation" time="66.227" classname="amazon_DDT_test.DDT_test"/>
  <testcase name="basePageNavigation" time="73.016" classname="amazon_DDT_test.DDT_test"/>
  <testcase name="basePageNavigation" time="50.384" classname="amazon_DDT_test.DDT_test"/>
</testsuite> <!-- amazon_DDT_test.DDT_test -->
