<?xml version="1.0" encoding="UTF-8"?>
<!-- Generated by org.testng.reporters.JUnitReportReporter -->
<testsuite skipped="0" hostname="rvarghes-WX-1" name="amazon_DDT_test.DDT_test" tests="3" failures="0" timestamp="23 Sep 2017 18:17:05 GMT" time="32.071" errors="0">
  <testcase name="basePageNavigation" time="9.806" classname="amazon_DDT_test.DDT_test"/>
  <testcase name="basePageNavigation" time="12.434" classname="amazon_DDT_test.DDT_test"/>
  <testcase name="basePageNavigation" time="9.831" classname="amazon_DDT_test.DDT_test"/>
</testsuite> <!-- amazon_DDT_test.DDT_test -->
