<?xml version="1.0" encoding="UTF-8"?>
<!-- Generated by org.testng.reporters.JUnitReportReporter -->
<testsuite skipped="0" hostname="DESKTOP-G1BT3BH" name="com.amazon_DDT_test.DDT_test" tests="1" failures="0" timestamp="30 Sep 2017 18:24:20 GMT" time="47.828" errors="0">
  <testcase name="basePageNavigation" time="47.828" classname="com.amazon_DDT_test.DDT_test"/>
</testsuite> <!-- com.amazon_DDT_test.DDT_test -->
