<?xml version="1.0" encoding="UTF-8"?>
<!-- Generated by org.testng.reporters.JUnitReportReporter -->
<testsuite skipped="0" hostname="rvarghes-WX-1" name="com.amazon_DDT_test.DDT_test" tests="1" failures="0" timestamp="04 Oct 2017 18:48:02 GMT" time="23.149" errors="0">
  <testcase name="basePageNavigation" time="23.149" classname="com.amazon_DDT_test.DDT_test"/>
</testsuite> <!-- com.amazon_DDT_test.DDT_test -->
